[35m[1mScanning dependencies of target aruco_gate_detector_node[0m
[ 66%] [32mBuilding CXX object CMakeFiles/aruco_gate_detector_node.dir/src/aruco_gate_detector.cpp.o[0m
[ 66%] [32mBuilding CXX object CMakeFiles/aruco_gate_detector_node.dir/src/aruco_gate_detector_node.cpp.o[0m
[100%] [32m[1mLinking CXX executable aruco_gate_detector_node[0m
[100%] Built target aruco_gate_detector_node
-- Install configuration: ""
-- Installing: /home/dps/aerostack2_ws/src/aruco_gate_detector/install/aruco_gate_detector/lib/aruco_gate_detector/aruco_gate_detector_node
-- Set runtime path of "/home/dps/aerostack2_ws/src/aruco_gate_detector/install/aruco_gate_detector/lib/aruco_gate_detector/aruco_gate_detector_node" to ""
-- Installing: /home/dps/aerostack2_ws/src/aruco_gate_detector/install/aruco_gate_detector/share/ament_index/resource_index/package_run_dependencies/aruco_gate_detector
-- Installing: /home/dps/aerostack2_ws/src/aruco_gate_detector/install/aruco_gate_detector/share/ament_index/resource_index/parent_prefix_path/aruco_gate_detector
-- Installing: /home/dps/aerostack2_ws/src/aruco_gate_detector/install/aruco_gate_detector/share/aruco_gate_detector/environment/ament_prefix_path.sh
-- Installing: /home/dps/aerostack2_ws/src/aruco_gate_detector/install/aruco_gate_detector/share/aruco_gate_detector/environment/ament_prefix_path.dsv
-- Installing: /home/dps/aerostack2_ws/src/aruco_gate_detector/install/aruco_gate_detector/share/aruco_gate_detector/environment/path.sh
-- Installing: /home/dps/aerostack2_ws/src/aruco_gate_detector/install/aruco_gate_detector/share/aruco_gate_detector/environment/path.dsv
-- Installing: /home/dps/aerostack2_ws/src/aruco_gate_detector/install/aruco_gate_detector/share/aruco_gate_detector/local_setup.bash
-- Installing: /home/dps/aerostack2_ws/src/aruco_gate_detector/install/aruco_gate_detector/share/aruco_gate_detector/local_setup.sh
-- Installing: /home/dps/aerostack2_ws/src/aruco_gate_detector/install/aruco_gate_detector/share/aruco_gate_detector/local_setup.zsh
-- Installing: /home/dps/aerostack2_ws/src/aruco_gate_detector/install/aruco_gate_detector/share/aruco_gate_detector/local_setup.dsv
-- Installing: /home/dps/aerostack2_ws/src/aruco_gate_detector/install/aruco_gate_detector/share/aruco_gate_detector/package.dsv
-- Installing: /home/dps/aerostack2_ws/src/aruco_gate_detector/install/aruco_gate_detector/share/ament_index/resource_index/packages/aruco_gate_detector
-- Installing: /home/dps/aerostack2_ws/src/aruco_gate_detector/install/aruco_gate_detector/share/aruco_gate_detector/cmake/aruco_gate_detectorConfig.cmake
-- Installing: /home/dps/aerostack2_ws/src/aruco_gate_detector/install/aruco_gate_detector/share/aruco_gate_detector/cmake/aruco_gate_detectorConfig-version.cmake
-- Installing: /home/dps/aerostack2_ws/src/aruco_gate_detector/install/aruco_gate_detector/share/aruco_gate_detector/package.xml
