[0.192s] DEBUG:colcon:Command line arguments: ['/usr/bin/colcon', 'build']
[0.192s] DEBUG:colcon:Parsed command line arguments: Namespace(ament_cmake_args=None, base_paths=['.'], build_base='build', catkin_cmake_args=None, catkin_skip_building_tests=False, cmake_args=None, cmake_clean_cache=False, cmake_clean_first=False, cmake_force_configure=False, cmake_target=None, cmake_target_skip_unavailable=False, continue_on_error=False, event_handlers=None, executor='parallel', ignore_user_meta=False, install_base='install', log_base=None, log_level=None, main=<bound method BuildVerb.main of <colcon_core.verb.build.BuildVerb object at 0x7fd4ab1d9160>>, merge_install=False, metas=['./colcon.meta'], packages_above=None, packages_above_and_dependencies=None, packages_above_depth=None, packages_end=None, packages_ignore=None, packages_ignore_regex=None, packages_select=None, packages_select_build_failed=False, packages_select_by_dep=None, packages_select_regex=None, packages_select_test_failures=False, packages_skip=None, packages_skip_build_finished=False, packages_skip_by_dep=None, packages_skip_regex=None, packages_skip_test_passed=False, packages_skip_up_to=None, packages_start=None, packages_up_to=None, packages_up_to_regex=None, parallel_workers=16, paths=None, symlink_install=False, test_result_base=None, verb_extension=<colcon_core.verb.build.BuildVerb object at 0x7fd4ab1d9160>, verb_name='build', verb_parser=<colcon_defaults.argument_parser.defaults.DefaultArgumentsDecorator object at 0x7fd4ab1d96a0>)
[0.196s] Level 1:colcon.colcon_core.package_discovery:discover_packages(colcon_meta) check parameters
[0.196s] Level 1:colcon.colcon_core.package_discovery:discover_packages(recursive) check parameters
[0.196s] Level 1:colcon.colcon_core.package_discovery:discover_packages(ignore) check parameters
[0.196s] Level 1:colcon.colcon_core.package_discovery:discover_packages(path) check parameters
[0.196s] Level 1:colcon.colcon_core.package_discovery:discover_packages(colcon_meta) discover
[0.196s] Level 1:colcon.colcon_core.package_discovery:discover_packages(recursive) discover
[0.196s] INFO:colcon.colcon_core.package_discovery:Crawling recursively for packages in '/home/dps/aerostack2_ws/src/aruco_gate_detector'
[0.197s] Level 1:colcon.colcon_core.package_identification:_identify(.) by extensions ['ignore', 'ignore_ament_install']
[0.197s] Level 1:colcon.colcon_core.package_identification:_identify(.) by extension 'ignore'
[0.197s] Level 1:colcon.colcon_core.package_identification:_identify(.) by extension 'ignore_ament_install'
[0.197s] Level 1:colcon.colcon_core.package_identification:_identify(.) by extensions ['colcon_pkg']
[0.197s] Level 1:colcon.colcon_core.package_identification:_identify(.) by extension 'colcon_pkg'
[0.197s] Level 1:colcon.colcon_core.package_identification:_identify(.) by extensions ['colcon_meta']
[0.197s] Level 1:colcon.colcon_core.package_identification:_identify(.) by extension 'colcon_meta'
[0.197s] Level 1:colcon.colcon_core.package_identification:_identify(.) by extensions ['ros']
[0.197s] Level 1:colcon.colcon_core.package_identification:_identify(.) by extension 'ros'
[0.207s] DEBUG:colcon.colcon_core.package_identification:Package '.' with type 'ros.ament_cmake' and name 'aruco_gate_detector'
[0.207s] Level 1:colcon.colcon_core.package_discovery:discover_packages(recursive) using defaults
[0.207s] Level 1:colcon.colcon_core.package_discovery:discover_packages(ignore) discover
[0.207s] Level 1:colcon.colcon_core.package_discovery:discover_packages(ignore) using defaults
[0.207s] Level 1:colcon.colcon_core.package_discovery:discover_packages(path) discover
[0.207s] Level 1:colcon.colcon_core.package_discovery:discover_packages(path) using defaults
[0.220s] Level 5:colcon.colcon_core.verb:set package 'aruco_gate_detector' build argument 'cmake_args' from command line to 'None'
[0.220s] Level 5:colcon.colcon_core.verb:set package 'aruco_gate_detector' build argument 'cmake_target' from command line to 'None'
[0.220s] Level 5:colcon.colcon_core.verb:set package 'aruco_gate_detector' build argument 'cmake_target_skip_unavailable' from command line to 'False'
[0.220s] Level 5:colcon.colcon_core.verb:set package 'aruco_gate_detector' build argument 'cmake_clean_cache' from command line to 'False'
[0.220s] Level 5:colcon.colcon_core.verb:set package 'aruco_gate_detector' build argument 'cmake_clean_first' from command line to 'False'
[0.220s] Level 5:colcon.colcon_core.verb:set package 'aruco_gate_detector' build argument 'cmake_force_configure' from command line to 'False'
[0.220s] Level 5:colcon.colcon_core.verb:set package 'aruco_gate_detector' build argument 'ament_cmake_args' from command line to 'None'
[0.220s] Level 5:colcon.colcon_core.verb:set package 'aruco_gate_detector' build argument 'catkin_cmake_args' from command line to 'None'
[0.220s] Level 5:colcon.colcon_core.verb:set package 'aruco_gate_detector' build argument 'catkin_skip_building_tests' from command line to 'False'
[0.220s] DEBUG:colcon.colcon_core.verb:Building package 'aruco_gate_detector' with the following arguments: {'ament_cmake_args': None, 'build_base': '/home/dps/aerostack2_ws/src/aruco_gate_detector/build/aruco_gate_detector', 'catkin_cmake_args': None, 'catkin_skip_building_tests': False, 'cmake_args': None, 'cmake_clean_cache': False, 'cmake_clean_first': False, 'cmake_force_configure': False, 'cmake_target': None, 'cmake_target_skip_unavailable': False, 'install_base': '/home/dps/aerostack2_ws/src/aruco_gate_detector/install/aruco_gate_detector', 'merge_install': False, 'path': '/home/dps/aerostack2_ws/src/aruco_gate_detector', 'symlink_install': False, 'test_result_base': None}
[0.220s] INFO:colcon.colcon_core.executor:Executing jobs using 'parallel' executor
[0.221s] DEBUG:colcon.colcon_parallel_executor.executor.parallel:run_until_complete
[0.222s] INFO:colcon.colcon_ros.task.ament_cmake.build:Building ROS package in '/home/dps/aerostack2_ws/src/aruco_gate_detector' with build type 'ament_cmake'
[0.222s] INFO:colcon.colcon_cmake.task.cmake.build:Building CMake package in '/home/dps/aerostack2_ws/src/aruco_gate_detector'
[0.225s] INFO:colcon.colcon_core.plugin_system:Skipping extension 'colcon_core.shell.bat': Not used on non-Windows systems
[0.225s] INFO:colcon.colcon_core.shell:Skip shell extension 'powershell' for command environment: Not usable outside of PowerShell
[0.225s] DEBUG:colcon.colcon_core.shell:Skip shell extension 'dsv' for command environment
[0.227s] DEBUG:colcon.colcon_core.shell:Ignoring prefix path '/opt/ros/foxy'
[0.234s] DEBUG:colcon.colcon_core.event_handler.log_command:Invoking command in '/home/dps/aerostack2_ws/src/aruco_gate_detector/build/aruco_gate_detector': CMAKE_PREFIX_PATH=${CMAKE_PREFIX_PATH}:/opt/ros/foxy /usr/bin/cmake --build /home/dps/aerostack2_ws/src/aruco_gate_detector/build/aruco_gate_detector -- -j16 -l16
[5.069s] DEBUG:colcon.colcon_core.event_handler.log_command:Invoked command in '/home/dps/aerostack2_ws/src/aruco_gate_detector/build/aruco_gate_detector' returned '0': CMAKE_PREFIX_PATH=${CMAKE_PREFIX_PATH}:/opt/ros/foxy /usr/bin/cmake --build /home/dps/aerostack2_ws/src/aruco_gate_detector/build/aruco_gate_detector -- -j16 -l16
[5.092s] DEBUG:colcon.colcon_core.event_handler.log_command:Invoking command in '/home/dps/aerostack2_ws/src/aruco_gate_detector/build/aruco_gate_detector': CMAKE_PREFIX_PATH=${CMAKE_PREFIX_PATH}:/opt/ros/foxy /usr/bin/cmake --install /home/dps/aerostack2_ws/src/aruco_gate_detector/build/aruco_gate_detector
[5.102s] Level 1:colcon.colcon_core.environment:create_environment_scripts_only(aruco_gate_detector)
[5.103s] DEBUG:colcon.colcon_core.event_handler.log_command:Invoked command in '/home/dps/aerostack2_ws/src/aruco_gate_detector/build/aruco_gate_detector' returned '0': CMAKE_PREFIX_PATH=${CMAKE_PREFIX_PATH}:/opt/ros/foxy /usr/bin/cmake --install /home/dps/aerostack2_ws/src/aruco_gate_detector/build/aruco_gate_detector
[5.105s] Level 1:colcon.colcon_core.environment:checking '/home/dps/aerostack2_ws/src/aruco_gate_detector/install/aruco_gate_detector' for CMake module files
[5.105s] Level 1:colcon.colcon_core.environment:checking '/home/dps/aerostack2_ws/src/aruco_gate_detector/install/aruco_gate_detector' for CMake config files
[5.106s] Level 1:colcon.colcon_core.shell:create_environment_hook('aruco_gate_detector', 'cmake_prefix_path')
[5.106s] INFO:colcon.colcon_core.shell:Creating environment hook '/home/dps/aerostack2_ws/src/aruco_gate_detector/install/aruco_gate_detector/share/aruco_gate_detector/hook/cmake_prefix_path.ps1'
[5.107s] INFO:colcon.colcon_core.shell:Creating environment descriptor '/home/dps/aerostack2_ws/src/aruco_gate_detector/install/aruco_gate_detector/share/aruco_gate_detector/hook/cmake_prefix_path.dsv'
[5.107s] INFO:colcon.colcon_core.shell:Creating environment hook '/home/dps/aerostack2_ws/src/aruco_gate_detector/install/aruco_gate_detector/share/aruco_gate_detector/hook/cmake_prefix_path.sh'
[5.108s] Level 1:colcon.colcon_core.environment:checking '/home/dps/aerostack2_ws/src/aruco_gate_detector/install/aruco_gate_detector/lib'
[5.108s] Level 1:colcon.colcon_core.environment:checking '/home/dps/aerostack2_ws/src/aruco_gate_detector/install/aruco_gate_detector/bin'
[5.108s] Level 1:colcon.colcon_core.environment:checking '/home/dps/aerostack2_ws/src/aruco_gate_detector/install/aruco_gate_detector/lib/pkgconfig/aruco_gate_detector.pc'
[5.108s] Level 1:colcon.colcon_core.environment:checking '/home/dps/aerostack2_ws/src/aruco_gate_detector/install/aruco_gate_detector/lib/python3.8/site-packages'
[5.108s] INFO:colcon.colcon_core.shell:Creating package script '/home/dps/aerostack2_ws/src/aruco_gate_detector/install/aruco_gate_detector/share/aruco_gate_detector/package.ps1'
[5.109s] INFO:colcon.colcon_core.shell:Creating package descriptor '/home/dps/aerostack2_ws/src/aruco_gate_detector/install/aruco_gate_detector/share/aruco_gate_detector/package.dsv'
[5.109s] INFO:colcon.colcon_core.shell:Creating package script '/home/dps/aerostack2_ws/src/aruco_gate_detector/install/aruco_gate_detector/share/aruco_gate_detector/package.sh'
[5.110s] INFO:colcon.colcon_core.shell:Creating package script '/home/dps/aerostack2_ws/src/aruco_gate_detector/install/aruco_gate_detector/share/aruco_gate_detector/package.bash'
[5.110s] INFO:colcon.colcon_core.shell:Creating package script '/home/dps/aerostack2_ws/src/aruco_gate_detector/install/aruco_gate_detector/share/aruco_gate_detector/package.zsh'
[5.111s] Level 1:colcon.colcon_core.environment:create_file_with_runtime_dependencies(/home/dps/aerostack2_ws/src/aruco_gate_detector/install/aruco_gate_detector/share/colcon-core/packages/aruco_gate_detector)
[5.126s] Level 1:colcon.colcon_core.environment:create_environment_scripts_only(aruco_gate_detector)
[5.127s] Level 1:colcon.colcon_core.environment:checking '/home/dps/aerostack2_ws/src/aruco_gate_detector/install/aruco_gate_detector' for CMake module files
[5.127s] Level 1:colcon.colcon_core.environment:checking '/home/dps/aerostack2_ws/src/aruco_gate_detector/install/aruco_gate_detector' for CMake config files
[5.128s] Level 1:colcon.colcon_core.shell:create_environment_hook('aruco_gate_detector', 'cmake_prefix_path')
[5.128s] INFO:colcon.colcon_core.shell:Creating environment hook '/home/dps/aerostack2_ws/src/aruco_gate_detector/install/aruco_gate_detector/share/aruco_gate_detector/hook/cmake_prefix_path.ps1'
[5.128s] INFO:colcon.colcon_core.shell:Creating environment descriptor '/home/dps/aerostack2_ws/src/aruco_gate_detector/install/aruco_gate_detector/share/aruco_gate_detector/hook/cmake_prefix_path.dsv'
[5.129s] INFO:colcon.colcon_core.shell:Creating environment hook '/home/dps/aerostack2_ws/src/aruco_gate_detector/install/aruco_gate_detector/share/aruco_gate_detector/hook/cmake_prefix_path.sh'
[5.129s] Level 1:colcon.colcon_core.environment:checking '/home/dps/aerostack2_ws/src/aruco_gate_detector/install/aruco_gate_detector/lib'
[5.129s] Level 1:colcon.colcon_core.environment:checking '/home/dps/aerostack2_ws/src/aruco_gate_detector/install/aruco_gate_detector/bin'
[5.129s] Level 1:colcon.colcon_core.environment:checking '/home/dps/aerostack2_ws/src/aruco_gate_detector/install/aruco_gate_detector/lib/pkgconfig/aruco_gate_detector.pc'
[5.129s] Level 1:colcon.colcon_core.environment:checking '/home/dps/aerostack2_ws/src/aruco_gate_detector/install/aruco_gate_detector/lib/python3.8/site-packages'
[5.130s] INFO:colcon.colcon_core.shell:Creating package script '/home/dps/aerostack2_ws/src/aruco_gate_detector/install/aruco_gate_detector/share/aruco_gate_detector/package.ps1'
[5.130s] INFO:colcon.colcon_core.shell:Creating package descriptor '/home/dps/aerostack2_ws/src/aruco_gate_detector/install/aruco_gate_detector/share/aruco_gate_detector/package.dsv'
[5.130s] INFO:colcon.colcon_core.shell:Creating package script '/home/dps/aerostack2_ws/src/aruco_gate_detector/install/aruco_gate_detector/share/aruco_gate_detector/package.sh'
[5.131s] INFO:colcon.colcon_core.shell:Creating package script '/home/dps/aerostack2_ws/src/aruco_gate_detector/install/aruco_gate_detector/share/aruco_gate_detector/package.bash'
[5.131s] INFO:colcon.colcon_core.shell:Creating package script '/home/dps/aerostack2_ws/src/aruco_gate_detector/install/aruco_gate_detector/share/aruco_gate_detector/package.zsh'
[5.131s] Level 1:colcon.colcon_core.environment:create_file_with_runtime_dependencies(/home/dps/aerostack2_ws/src/aruco_gate_detector/install/aruco_gate_detector/share/colcon-core/packages/aruco_gate_detector)
[5.131s] DEBUG:colcon.colcon_parallel_executor.executor.parallel:closing loop
[5.132s] DEBUG:colcon.colcon_parallel_executor.executor.parallel:loop closed
[5.132s] DEBUG:colcon.colcon_parallel_executor.executor.parallel:run_until_complete finished with '0'
[5.132s] DEBUG:colcon.colcon_core.event_reactor:joining thread
[5.136s] INFO:colcon.colcon_core.plugin_system:Skipping extension 'colcon_notification.desktop_notification.terminal_notifier': Not used on non-Darwin systems
[5.137s] INFO:colcon.colcon_core.plugin_system:Skipping extension 'colcon_notification.desktop_notification.win32': Not used on non-Windows systems
[5.137s] INFO:colcon.colcon_notification.desktop_notification:Sending desktop notification using 'notify2'
[5.148s] DEBUG:colcon.colcon_core.event_reactor:joined thread
[5.149s] INFO:colcon.colcon_core.shell:Creating prefix script '/home/dps/aerostack2_ws/src/aruco_gate_detector/install/local_setup.ps1'
[5.150s] INFO:colcon.colcon_core.shell:Creating prefix util module '/home/dps/aerostack2_ws/src/aruco_gate_detector/install/_local_setup_util_ps1.py'
[5.150s] INFO:colcon.colcon_core.shell:Creating prefix chain script '/home/dps/aerostack2_ws/src/aruco_gate_detector/install/setup.ps1'
[5.152s] INFO:colcon.colcon_core.shell:Creating prefix script '/home/dps/aerostack2_ws/src/aruco_gate_detector/install/local_setup.sh'
[5.152s] INFO:colcon.colcon_core.shell:Creating prefix util module '/home/dps/aerostack2_ws/src/aruco_gate_detector/install/_local_setup_util_sh.py'
[5.153s] INFO:colcon.colcon_core.shell:Creating prefix chain script '/home/dps/aerostack2_ws/src/aruco_gate_detector/install/setup.sh'
[5.154s] INFO:colcon.colcon_core.shell:Creating prefix script '/home/dps/aerostack2_ws/src/aruco_gate_detector/install/local_setup.bash'
[5.155s] INFO:colcon.colcon_core.shell:Creating prefix chain script '/home/dps/aerostack2_ws/src/aruco_gate_detector/install/setup.bash'
[5.156s] INFO:colcon.colcon_core.shell:Creating prefix script '/home/dps/aerostack2_ws/src/aruco_gate_detector/install/local_setup.zsh'
[5.157s] INFO:colcon.colcon_core.shell:Creating prefix chain script '/home/dps/aerostack2_ws/src/aruco_gate_detector/install/setup.zsh'
